<?xml version="1.0" encoding="UTF-8"?>
<testsuite xmlns:xsi="http://www.w3.org/2001/XMLSchema-instance" xsi:noNamespaceSchemaLocation="https://maven.apache.org/surefire/maven-surefire-plugin/xsd/surefire-test-report.xsd" version="3.0.2" name="com.sony.microservice.product.ProductServiceApplicationTests" time="9.27" tests="1" errors="0" skipped="0" failures="0">
  <properties>
[...]
</properties>
  <testcase name="shouldCreateProduct" classname="com.sony.microservice.product.ProductServiceApplicationTests" time="2.432">
    <system-out><![CDATA[14:28:19.381 [main] INFO org.springframework.test.context.support.AnnotationConfigContextLoaderUtils -- Could not detect default configuration classes for test class [com.sony.microservice.product.ProductServiceApplicationTests]: ProductServiceApplicationTests does not declare any static, non-private, non-final, nested classes annotated with @Configuration.
14:28:19.547 [main] INFO org.springframework.boot.test.context.SpringBootTestContextBootstrapper -- Found @SpringBootConfiguration com.sony.microservice.product.ProductServiceApplication for test class com.sony.microservice.product.ProductServiceApplicationTests

  .   ____          _            __ _ _
 /\\ / ___'_ __ _ _(_)_ __  __ _ \ \ \ \
( ( )\___ | '_ | '_| | '_ \/ _` | \ \ \ \
 \\/  ___)| |_)| | | | | || (_| |  ) ) ) )
  '  |____| .__|_| |_|_| |_\__, | / / / /
 =========|_|==============|___/=/_/_/_/

 :: Spring Boot ::                (v3.4.1)

2025-01-02T14:28:19.936-04:00  INFO 21508 --- [product-service] [           main] c.s.m.p.ProductServiceApplicationTests   : Starting ProductServiceApplicationTests using Java 17.0.11 with PID 21508 (started by s.mathew in C:\LearnSpringBoot\Mircorservice\product-service)
2025-01-02T14:28:19.938-04:00  INFO 21508 --- [product-service] [           main] c.s.m.p.ProductServiceApplicationTests   : No active profile set, falling back to 1 default profile: "default"
2025-01-02T14:28:20.655-04:00  INFO 21508 --- [product-service] [           main] .s.d.r.c.RepositoryConfigurationDelegate : Bootstrapping Spring Data MongoDB repositories in DEFAULT mode.
2025-01-02T14:28:20.707-04:00  INFO 21508 --- [product-service] [           main] .s.d.r.c.RepositoryConfigurationDelegate : Finished Spring Data repository scanning in 46 ms. Found 1 MongoDB repository interface.
2025-01-02T14:28:21.272-04:00  INFO 21508 --- [product-service] [           main] o.s.b.w.embedded.tomcat.TomcatWebServer  : Tomcat initialized with port 0 (http)
2025-01-02T14:28:21.300-04:00  INFO 21508 --- [product-service] [           main] o.apache.catalina.core.StandardService   : Starting service [Tomcat]
2025-01-02T14:28:21.301-04:00  INFO 21508 --- [product-service] [           main] o.apache.catalina.core.StandardEngine    : Starting Servlet engine: [Apache Tomcat/10.1.34]
2025-01-02T14:28:21.370-04:00  INFO 21508 --- [product-service] [           main] o.a.c.c.C.[Tomcat].[localhost].[/]       : Initializing Spring embedded WebApplicationContext
2025-01-02T14:28:21.372-04:00  INFO 21508 --- [product-service] [           main] w.s.c.ServletWebServerApplicationContext : Root WebApplicationContext: initialization completed in 1253 ms
2025-01-02T14:28:21.459-04:00  INFO 21508 --- [product-service] [           main] org.testcontainers.images.PullPolicy     : Image pull policy will be performed by: DefaultPullPolicy()
2025-01-02T14:28:21.463-04:00  INFO 21508 --- [product-service] [           main] o.t.utility.ImageNameSubstitutor         : Image name substitution will be performed by: DefaultImageNameSubstitutor (composite of 'ConfigurationFileImageNameSubstitutor' and 'PrefixingImageNameSubstitutor')
2025-01-02T14:28:21.485-04:00  INFO 21508 --- [product-service] [           main] org.testcontainers.DockerClientFactory   : Testcontainers version: 1.20.4
2025-01-02T14:28:21.672-04:00  INFO 21508 --- [product-service] [           main] o.t.d.DockerClientProviderStrategy       : Loaded org.testcontainers.dockerclient.NpipeSocketClientProviderStrategy from ~/.testcontainers.properties, will try it first
2025-01-02T14:28:21.931-04:00  INFO 21508 --- [product-service] [           main] o.t.d.DockerClientProviderStrategy       : Found Docker environment with local Npipe socket (npipe:////./pipe/docker_engine)
2025-01-02T14:28:21.932-04:00  INFO 21508 --- [product-service] [           main] org.testcontainers.DockerClientFactory   : Docker host IP address is localhost
2025-01-02T14:28:21.948-04:00  INFO 21508 --- [product-service] [           main] org.testcontainers.DockerClientFactory   : Connected to docker: 
  Server Version: 27.3.1
  API Version: 1.47
  Operating System: Docker Desktop
  Total Memory: 7808 MB
  Labels: 
    com.docker.desktop.address=npipe://\\.\pipe\docker_cli
2025-01-02T14:28:21.999-04:00  INFO 21508 --- [product-service] [           main] tc.testcontainers/ryuk:0.11.0            : Creating container for image: testcontainers/ryuk:0.11.0
2025-01-02T14:28:22.437-04:00  INFO 21508 --- [product-service] [           main] tc.testcontainers/ryuk:0.11.0            : Container testcontainers/ryuk:0.11.0 is starting: fb82bff40c6ad350b2cba8094f44691d816ee936ddd433722028192475b6fd7d
2025-01-02T14:28:22.830-04:00  INFO 21508 --- [product-service] [           main] tc.testcontainers/ryuk:0.11.0            : Container testcontainers/ryuk:0.11.0 started in PT0.8308182S
2025-01-02T14:28:22.837-04:00  INFO 21508 --- [product-service] [           main] o.t.utility.RyukResourceReaper           : Ryuk started - will monitor and terminate Testcontainers containers on JVM exit
2025-01-02T14:28:22.838-04:00  INFO 21508 --- [product-service] [           main] org.testcontainers.DockerClientFactory   : Checking the system...
2025-01-02T14:28:22.839-04:00  INFO 21508 --- [product-service] [           main] org.testcontainers.DockerClientFactory   : ?? Docker server version should be at least 1.6.0
2025-01-02T14:28:22.839-04:00  INFO 21508 --- [product-service] [           main] tc.mongo:latest                          : Creating container for image: mongo:latest
2025-01-02T14:28:22.934-04:00  INFO 21508 --- [product-service] [           main] tc.mongo:latest                          : Container mongo:latest is starting: 40ab42b759afd70c635619948bb4261b77b710d1d17628b46796694288fe3a3b
2025-01-02T14:28:24.096-04:00  INFO 21508 --- [product-service] [           main] tc.mongo:latest                          : Container mongo:latest started in PT1.2569138S
2025-01-02T14:28:25.323-04:00  INFO 21508 --- [product-service] [           main] org.mongodb.driver.client                : MongoClient with metadata {"driver": {"name": "mongo-java-driver|sync|spring-boot", "version": "5.2.1"}, "os": {"type": "Windows", "name": "Windows 11", "architecture": "amd64", "version": "10.0"}, "platform": "Java/Oracle Corporation/17.0.11+7-LTS-207"} created with settings MongoClientSettings{readPreference=primary, writeConcern=WriteConcern{w=null, wTimeout=null ms, journal=null}, retryWrites=true, retryReads=true, readConcern=ReadConcern{level=null}, credential=null, transportSettings=null, commandListeners=[], codecRegistry=ProvidersCodecRegistry{codecProviders=[ValueCodecProvider{}, BsonValueCodecProvider{}, DBRefCodecProvider{}, DBObjectCodecProvider{}, DocumentCodecProvider{}, CollectionCodecProvider{}, IterableCodecProvider{}, MapCodecProvider{}, GeoJsonCodecProvider{}, GridFSFileCodecProvider{}, Jsr310CodecProvider{}, JsonObjectCodecProvider{}, BsonCodecProvider{}, EnumCodecProvider{}, com.mongodb.client.model.mql.ExpressionCodecProvider@3a751535, com.mongodb.Jep395RecordCodecProvider@7fb82f73, com.mongodb.KotlinCodecProvider@2f166d61]}, loggerSettings=LoggerSettings{maxDocumentLength=1000}, clusterSettings={hosts=[localhost:54470], srvServiceName=mongodb, mode=SINGLE, requiredClusterType=UNKNOWN, requiredReplicaSetName='null', serverSelector='null', clusterListeners='[]', serverSelectionTimeout='30000 ms', localThreshold='15 ms'}, socketSettings=SocketSettings{connectTimeoutMS=10000, readTimeoutMS=0, receiveBufferSize=0, proxySettings=ProxySettings{host=null, port=null, username=null, password=null}}, heartbeatSocketSettings=SocketSettings{connectTimeoutMS=10000, readTimeoutMS=10000, receiveBufferSize=0, proxySettings=ProxySettings{host=null, port=null, username=null, password=null}}, connectionPoolSettings=ConnectionPoolSettings{maxSize=100, minSize=0, maxWaitTimeMS=120000, maxConnectionLifeTimeMS=0, maxConnectionIdleTimeMS=0, maintenanceInitialDelayMS=0, maintenanceFrequencyMS=60000, connectionPoolListeners=[], maxConnecting=2}, serverSettings=ServerSettings{heartbeatFrequencyMS=10000, minHeartbeatFrequencyMS=500, serverMonitoringMode=AUTO, serverListeners='[]', serverMonitorListeners='[]'}, sslSettings=SslSettings{enabled=false, invalidHostNameAllowed=false, context=null}, applicationName='null', compressorList=[], uuidRepresentation=JAVA_LEGACY, serverApi=null, autoEncryptionSettings=null, dnsClient=null, inetAddressResolver=null, contextProvider=null, timeoutMS=null}
2025-01-02T14:28:25.339-04:00  INFO 21508 --- [product-service] [localhost:54470] org.mongodb.driver.cluster               : Monitor thread successfully connected to server with description ServerDescription{address=localhost:54470, type=REPLICA_SET_PRIMARY, cryptd=false, state=CONNECTED, ok=true, minWireVersion=0, maxWireVersion=25, maxDocumentSize=16777216, logicalSessionTimeoutMinutes=30, roundTripTimeNanos=23190500, minRoundTripTimeNanos=0, setName='docker-rs', canonicalAddress=40ab42b759af:27017, hosts=[40ab42b759af:27017], passives=[], arbiters=[], primary='40ab42b759af:27017', tagSet=TagSet{[]}, electionId=7fffffff0000000000000001, setVersion=1, topologyVersion=TopologyVersion{processId=6776dac718d0930306629f2e, counter=6}, lastWriteDate=Thu Jan 02 14:28:25 AST 2025, lastUpdateTimeNanos=21688076612100}
2025-01-02T14:28:26.070-04:00  INFO 21508 --- [product-service] [           main] o.s.b.w.embedded.tomcat.TomcatWebServer  : Tomcat started on port 54479 (http) with context path '/'
2025-01-02T14:28:26.077-04:00  INFO 21508 --- [product-service] [           main] c.s.m.p.ProductServiceApplicationTests   : Started ProductServiceApplicationTests in 6.392 seconds (process running for 7.328)
2025-01-02T14:28:27.584-04:00  INFO 21508 --- [product-service] [o-auto-1-exec-1] o.a.c.c.C.[Tomcat].[localhost].[/]       : Initializing Spring DispatcherServlet 'dispatcherServlet'
2025-01-02T14:28:27.585-04:00  INFO 21508 --- [product-service] [o-auto-1-exec-1] o.s.web.servlet.DispatcherServlet        : Initializing Servlet 'dispatcherServlet'
2025-01-02T14:28:27.586-04:00  INFO 21508 --- [product-service] [o-auto-1-exec-1] o.s.web.servlet.DispatcherServlet        : Completed initialization in 1 ms
2025-01-02T14:28:27.741-04:00  INFO 21508 --- [product-service] [o-auto-1-exec-1] c.s.m.p.controller.ProductController     : POST method called
2025-01-02T14:28:27.741-04:00  INFO 21508 --- [product-service] [o-auto-1-exec-1] c.s.m.product.service.ProductService     : Product object created
2025-01-02T14:28:27.876-04:00  INFO 21508 --- [product-service] [o-auto-1-exec-1] c.s.m.product.service.ProductService     : Product stored in database Product{id='6776dacb9ad8694a632d44e6', name='iPhone 15', description='iPhone 15 is a smartphone from Apple', price=1000}
]]></system-out>
  </testcase>
</testsuite>